<?xml version="1.0" encoding="UTF-8"?>
<!-- Generated by org.testng.reporters.JUnitReportReporter -->
<testsuite hostname="IBM-PF42VYF3" failures="0" tests="3" name="DataDriven.DataproviderTest" time="0.032" errors="0" timestamp="2025-03-20T14:43:27 IST" skipped="0">
  <testcase classname="DataDriven.DataproviderTest" name="getdata" time="0.020"/>
  <testcase classname="DataDriven.DataproviderTest" name="getdata" time="0.002"/>
  <testcase classname="DataDriven.DataproviderTest" name="getdata" time="0.010"/>
</testsuite> <!-- DataDriven.DataproviderTest -->
