<?xml version="1.0" encoding="UTF-8"?>
<!-- Generated by org.testng.reporters.JUnitReportReporter -->
<testsuite hostname="IBM-PF42VYF3" failures="0" tests="1" name="BasicSeleniumQuestions.CountsTotalLinks" time="32.901" errors="0" timestamp="2025-05-29T07:09:09 IST" skipped="0">
  <testcase classname="BasicSeleniumQuestions.CountsTotalLinks" name="countTotalLink" time="32.901"/>
</testsuite> <!-- BasicSeleniumQuestions.CountsTotalLinks -->
