<?xml version="1.0" encoding="UTF-8"?>
<!-- Generated by org.testng.reporters.JUnitReportReporter -->
<testsuite hostname="IBM-PF42VYF3" failures="0" tests="1" name="Automation.SeleniumFrameworkDesign.ErrorValidation" time="6.785" errors="0" timestamp="2025-03-05T14:44:00 IST" skipped="0">
  <testcase classname="Automation.SeleniumFrameworkDesign.ErrorValidation" name="errorValidationTest" time="6.785"/>
</testsuite> <!-- Automation.SeleniumFrameworkDesign.ErrorValidation -->
