<?xml version="1.0" encoding="UTF-8"?>
<!-- Generated by org.testng.reporters.JUnitReportReporter -->
<testsuite hostname="IBM-PF42VYF3" failures="0" tests="2" name="Automation.SeleniumFrameworkDesign.ErrorValidationTest" time="25.625" errors="0" timestamp="2025-03-16T14:25:31 IST" skipped="0">
  <testcase classname="Automation.SeleniumFrameworkDesign.ErrorValidationTest" name="errorValidationTest" time="3.795"/>
  <testcase classname="Automation.SeleniumFrameworkDesign.ErrorValidationTest" name="productValidation" time="21.830"/>
</testsuite> <!-- Automation.SeleniumFrameworkDesign.ErrorValidationTest -->
