<?xml version="1.0" encoding="UTF-8"?>
<!-- Generated by org.testng.reporters.JUnitReportReporter -->
<testsuite hostname="IBM-PF42VYF3" failures="0" tests="3" name="BasicSeleniumQuestions.DropdownTest" time="11.024" errors="0" timestamp="2025-03-24T18:02:29 IST" skipped="0">
  <testcase classname="BasicSeleniumQuestions.DropdownTest" name="checkbox" time="0.269"/>
  <testcase classname="BasicSeleniumQuestions.DropdownTest" name="autoSuggestDropdown" time="10.588"/>
  <testcase classname="BasicSeleniumQuestions.DropdownTest" name="dropdown" time="0.167"/>
</testsuite> <!-- BasicSeleniumQuestions.DropdownTest -->
