<?xml version="1.0" encoding="UTF-8"?>
<!-- Generated by org.testng.reporters.JUnitReportReporter -->
<testsuite hostname="IBM-PF42VYF3" failures="0" tests="2" name="BasicSeleniumQuestions.TableSortAndPagination" time="5.455" errors="0" timestamp="2025-05-29T07:13:57 IST" skipped="0">
  <testcase classname="BasicSeleniumQuestions.TableSortAndPagination" name="sortTableTest" time="2.861"/>
  <testcase classname="BasicSeleniumQuestions.TableSortAndPagination" name="searchItem" time="2.594"/>
</testsuite> <!-- BasicSeleniumQuestions.TableSortAndPagination -->
