<?xml version="1.0" encoding="UTF-8"?>
<!-- Generated by org.testng.reporters.JUnitReportReporter -->
<testsuite hostname="IBM-PF42VYF3" failures="0" tests="2" name="BasicSeleniumQuestions.TableSort" time="8.158" errors="0" timestamp="2025-03-25T14:24:32 IST" skipped="0">
  <testcase classname="BasicSeleniumQuestions.TableSort" name="sortTableTest" time="4.068"/>
  <testcase classname="BasicSeleniumQuestions.TableSort" name="searchItem" time="4.090"/>
</testsuite> <!-- BasicSeleniumQuestions.TableSort -->
