<?xml version="1.0" encoding="UTF-8"?>
<!-- Generated by org.testng.reporters.JUnitReportReporter -->
<testsuite hostname="IBM-PF42VYF3" failures="0" tests="4" name="BasicSeleniumQuestions.JavaStreems" time="0.033" errors="0" timestamp="2025-03-25T11:38:49 IST" skipped="0">
  <testcase classname="BasicSeleniumQuestions.JavaStreems" name="regular" time="0.011"/>
  <testcase classname="BasicSeleniumQuestions.JavaStreems" name="streamfilter" time="0.008"/>
  <testcase classname="BasicSeleniumQuestions.JavaStreems" name="hashmap" time="0.011"/>
  <testcase classname="BasicSeleniumQuestions.JavaStreems" name="collect" time="0.003"/>
</testsuite> <!-- BasicSeleniumQuestions.JavaStreems -->
